{"C:\\Users\\Ольга\\Desktop\\js\\test2\\src\\liveheroes.js": {"path":"C:\\Users\\Ольга\\Desktop\\js\\test2\\src\\liveheroes.js","statementMap":{"0":{"start":{"line":4,"column":13},"end":{"line":6,"column":2}},"1":{"start":{"line":5,"column":2},"end":{"line":5,"column":29}},"2":{"start":{"line":7,"column":0},"end":{"line":7,"column":13}}},"fnMap":{"0":{"name":"liveHeroes","decl":{"start":{"line":3,"column":24},"end":{"line":3,"column":34}},"loc":{"start":{"line":3,"column":40},"end":{"line":7,"column":14}},"line":3},"1":{"name":"(anonymous_1)","decl":{"start":{"line":4,"column":23},"end":{"line":4,"column":24}},"loc":{"start":{"line":4,"column":38},"end":{"line":6,"column":1}},"line":4}},"branchMap":{},"s":{"0":1,"1":4,"2":1},"f":{"0":1,"1":4},"b":{},"_coverageSchema":"1a1c01bbd47fc00a2c39e90264f33305004495a9","hash":"8e6df96ab24caeadb407c122a39052da5af163d7"}
}
